<?xml version="1.0" encoding="UTF-8"?>
<testsuite name="com.dhanu.kurio.data.repository.HistoryRepositoryImplTest" tests="2" skipped="0" failures="0" errors="0" timestamp="2026-05-31T08:48:10" hostname="dhanu" time="0.859">
  <properties/>
  <testcase name="given history entries in dao when getHistory then returns domain models" classname="com.dhanu.kurio.data.repository.HistoryRepositoryImplTest" time="0.831"/>
  <testcase name="given empty dao when getHistory then returns empty list" classname="com.dhanu.kurio.data.repository.HistoryRepositoryImplTest" time="0.019"/>
  <system-out><![CDATA[]]></system-out>
  <system-err><![CDATA[]]></system-err>
</testsuite>
